<?xml version="1.0" encoding="UTF-8"?>
<testsuite xmlns:xsi="http://www.w3.org/2001/XMLSchema-instance" xsi:noNamespaceSchemaLocation="https://maven.apache.org/surefire/maven-surefire-plugin/xsd/surefire-test-report.xsd" name="kdemo.features.UsersRunnerTest" time="12.563" tests="4" errors="0" skipped="0" failures="0">
  <properties>
[...]
</properties>
  <testcase name="testAll[1][1]" classname="kdemo.features.UsersRunnerTest" time="4.722"/>
  <testcase name="testAll[1][2]" classname="kdemo.features.UsersRunnerTest" time="0.926"/>
  <testcase name="testAll[1][3]" classname="kdemo.features.UsersRunnerTest" time="2.854"/>
  <testcase name="testAll[2][1]" classname="kdemo.features.UsersRunnerTest" time="1.325"/>
</testsuite>